

Microchip MPLAB XC8 Assembler V2.31 build 20201012212115 
                                                                                               Wed Mar 10 23:30:31 2021

Microchip MPLAB XC8 C Compiler v2.31 (Free license) build 20201012212115 Og1 
     1                           	processor	16F887
     2                           	pagewidth 120
     3                           	opt	flic
     4                           	psect	idataCOMMON,global,class=CODE,delta=2,noexec
     5                           	psect	cinit,global,class=CODE,merge=1,delta=2
     6                           	psect	bssCOMMON,global,class=COMMON,space=1,delta=1,noexec
     7                           	psect	dataCOMMON,global,class=COMMON,space=1,delta=1,noexec
     8                           	psect	bssBANK0,global,class=BANK0,space=1,delta=1,noexec
     9                           	psect	cstackCOMMON,global,class=COMMON,space=1,delta=1,noexec
    10                           	psect	cstackBANK0,global,class=BANK0,space=1,delta=1,noexec
    11                           	psect	maintext,global,class=CODE,split=1,delta=2
    12                           	psect	text1,local,class=CODE,merge=1,delta=2
    13                           	psect	text2,local,class=CODE,merge=1,delta=2
    14                           	psect	text3,local,class=CODE,merge=1,delta=2,group=1
    15                           	psect	text4,local,class=CODE,merge=1,delta=2
    16                           	psect	text5,local,class=CODE,merge=1,delta=2
    17                           	psect	text6,local,class=CODE,merge=1,delta=2
    18                           	psect	text7,local,class=CODE,merge=1,delta=2
    19                           	psect	text8,local,class=CODE,merge=1,delta=2
    20                           	psect	text9,local,class=CODE,merge=1,delta=2
    21                           	psect	intentry,global,class=CODE,delta=2
    22                           	psect	config,global,abs,ovrld,class=CONFIG,space=4,delta=2,noexec
    23                           	dabs	1,0x7E,2
    24  0000                     
    25                           ; Version 2.20
    26                           ; Generated 12/02/2020 GMT
    27                           ; 
    28                           ; Copyright © 2020, Microchip Technology Inc. and its subsidiaries ("Microchip")
    29                           ; All rights reserved.
    30                           ; 
    31                           ; This software is developed by Microchip Technology Inc. and its subsidiaries ("Microch
      +                          ip").
    32                           ; 
    33                           ; Redistribution and use in source and binary forms, with or without modification, are
    34                           ; permitted provided that the following conditions are met:
    35                           ; 
    36                           ;     1. Redistributions of source code must retain the above copyright notice, this lis
      +                          t of
    37                           ;        conditions and the following disclaimer.
    38                           ; 
    39                           ;     2. Redistributions in binary form must reproduce the above copyright notice, this 
      +                          list
    40                           ;        of conditions and the following disclaimer in the documentation and/or other
    41                           ;        materials provided with the distribution.
    42                           ; 
    43                           ;     3. Microchip's name may not be used to endorse or promote products derived from th
      +                          is
    44                           ;        software without specific prior written permission.
    45                           ; 
    46                           ; THIS SOFTWARE IS PROVIDED BY MICROCHIP "AS IS" AND ANY EXPRESS OR IMPLIED WARRANTIES,
    47                           ; INCLUDING, BUT NOT LIMITED TO, THE IMPLIED WARRANTIES OF MERCHANTABILITY AND FITNESS F
      +                          OR
    48                           ; PURPOSE ARE DISCLAIMED.  IN NO EVENT SHALL MICROCHIP BE LIABLE FOR ANY DIRECT, INDIREC
      +                          T,
    49                           ; INCIDENTAL, SPECIAL, EXEMPLARY, OR CONSEQUENTIAL DAMAGES (INCLUDING BUT NOT LIMITED TO
    50                           ; PROCUREMENT OF SUBSTITUTE GOODS OR SERVICES; LOSS OF USE, DATA OR PROFITS; OR BUSINESS
    51                           ; INTERRUPTION) HOWSOEVER CAUSED AND ON ANY THEORY OF LIABILITY, WHETHER IN CONTRACT, ST
      +                          RICT
    52                           ; LIABILITY, OR TORT (INCLUDING NEGLIGENCE OR OTHERWISE) ARISING IN ANY WAY OUT OF THE U
      +                          SE OF
    53                           ; THIS SOFTWARE, EVEN IF ADVISED OF THE POSSIBILITY OF SUCH DAMAGE.
    54                           ; 
    55                           ; 
    56                           ; Code-generator required, PIC16F887 Definitions
    57                           ; 
    58                           ; SFR Addresses
    59  0000                     	;# 
    60  0001                     	;# 
    61  0002                     	;# 
    62  0003                     	;# 
    63  0004                     	;# 
    64  0005                     	;# 
    65  0006                     	;# 
    66  0007                     	;# 
    67  0008                     	;# 
    68  0009                     	;# 
    69  000A                     	;# 
    70  000B                     	;# 
    71  000C                     	;# 
    72  000D                     	;# 
    73  000E                     	;# 
    74  000E                     	;# 
    75  000F                     	;# 
    76  0010                     	;# 
    77  0011                     	;# 
    78  0012                     	;# 
    79  0013                     	;# 
    80  0014                     	;# 
    81  0015                     	;# 
    82  0015                     	;# 
    83  0016                     	;# 
    84  0017                     	;# 
    85  0018                     	;# 
    86  0019                     	;# 
    87  001A                     	;# 
    88  001B                     	;# 
    89  001B                     	;# 
    90  001C                     	;# 
    91  001D                     	;# 
    92  001E                     	;# 
    93  001F                     	;# 
    94  0081                     	;# 
    95  0085                     	;# 
    96  0086                     	;# 
    97  0087                     	;# 
    98  0088                     	;# 
    99  0089                     	;# 
   100  008C                     	;# 
   101  008D                     	;# 
   102  008E                     	;# 
   103  008F                     	;# 
   104  0090                     	;# 
   105  0091                     	;# 
   106  0092                     	;# 
   107  0093                     	;# 
   108  0093                     	;# 
   109  0093                     	;# 
   110  0094                     	;# 
   111  0095                     	;# 
   112  0096                     	;# 
   113  0097                     	;# 
   114  0098                     	;# 
   115  0099                     	;# 
   116  009A                     	;# 
   117  009B                     	;# 
   118  009C                     	;# 
   119  009D                     	;# 
   120  009E                     	;# 
   121  009F                     	;# 
   122  0105                     	;# 
   123  0107                     	;# 
   124  0108                     	;# 
   125  0109                     	;# 
   126  010C                     	;# 
   127  010C                     	;# 
   128  010D                     	;# 
   129  010E                     	;# 
   130  010F                     	;# 
   131  0185                     	;# 
   132  0187                     	;# 
   133  0188                     	;# 
   134  0189                     	;# 
   135  018C                     	;# 
   136  018D                     	;# 
   137  0000                     	;# 
   138  0001                     	;# 
   139  0002                     	;# 
   140  0003                     	;# 
   141  0004                     	;# 
   142  0005                     	;# 
   143  0006                     	;# 
   144  0007                     	;# 
   145  0008                     	;# 
   146  0009                     	;# 
   147  000A                     	;# 
   148  000B                     	;# 
   149  000C                     	;# 
   150  000D                     	;# 
   151  000E                     	;# 
   152  000E                     	;# 
   153  000F                     	;# 
   154  0010                     	;# 
   155  0011                     	;# 
   156  0012                     	;# 
   157  0013                     	;# 
   158  0014                     	;# 
   159  0015                     	;# 
   160  0015                     	;# 
   161  0016                     	;# 
   162  0017                     	;# 
   163  0018                     	;# 
   164  0019                     	;# 
   165  001A                     	;# 
   166  001B                     	;# 
   167  001B                     	;# 
   168  001C                     	;# 
   169  001D                     	;# 
   170  001E                     	;# 
   171  001F                     	;# 
   172  0081                     	;# 
   173  0085                     	;# 
   174  0086                     	;# 
   175  0087                     	;# 
   176  0088                     	;# 
   177  0089                     	;# 
   178  008C                     	;# 
   179  008D                     	;# 
   180  008E                     	;# 
   181  008F                     	;# 
   182  0090                     	;# 
   183  0091                     	;# 
   184  0092                     	;# 
   185  0093                     	;# 
   186  0093                     	;# 
   187  0093                     	;# 
   188  0094                     	;# 
   189  0095                     	;# 
   190  0096                     	;# 
   191  0097                     	;# 
   192  0098                     	;# 
   193  0099                     	;# 
   194  009A                     	;# 
   195  009B                     	;# 
   196  009C                     	;# 
   197  009D                     	;# 
   198  009E                     	;# 
   199  009F                     	;# 
   200  0105                     	;# 
   201  0107                     	;# 
   202  0108                     	;# 
   203  0109                     	;# 
   204  010C                     	;# 
   205  010C                     	;# 
   206  010D                     	;# 
   207  010E                     	;# 
   208  010F                     	;# 
   209  0185                     	;# 
   210  0187                     	;# 
   211  0188                     	;# 
   212  0189                     	;# 
   213  018C                     	;# 
   214  018D                     	;# 
   215                           
   216                           	psect	idataCOMMON
   217  01EA                     __pidataCOMMON:
   218                           
   219                           ;initializer for _sensor_dir
   220  01EA  34EC               	retlw	236
   221  0019                     _TXREG	set	25
   222  001A                     _RCREG	set	26
   223  000B                     _INTCONbits	set	11
   224  000C                     _PIR1bits	set	12
   225  0018                     _RCSTAbits	set	24
   226  0009                     _PORTE	set	9
   227  0013                     _SSPBUF	set	19
   228  0014                     _SSPCON	set	20
   229  0063                     _SSPIF	set	99
   230  005E                     _PEIE	set	94
   231  005F                     _GIE	set	95
   232  008C                     _PIE1bits	set	140
   233  0099                     _SPBRG	set	153
   234  0098                     _TXSTAbits	set	152
   235  0089                     _TRISE	set	137
   236  0088                     _TRISD	set	136
   237  0087                     _TRISCbits	set	135
   238  0087                     _TRISC	set	135
   239  0086                     _TRISB	set	134
   240  0085                     _TRISA	set	133
   241  0094                     _SSPSTAT	set	148
   242  0093                     _SSPADD	set	147
   243  0091                     _SSPCON2	set	145
   244  0463                     _SSPIE	set	1123
   245  048C                     _ACKEN	set	1164
   246  048D                     _ACKDT	set	1165
   247  048B                     _RCEN	set	1163
   248  048A                     _PEN	set	1162
   249  0489                     _RSEN	set	1161
   250  0488                     _SEN	set	1160
   251  043C                     _TRISC4	set	1084
   252  043B                     _TRISC3	set	1083
   253  0187                     _BAUDCTLbits	set	391
   254  0189                     _ANSELH	set	393
   255  0188                     _ANSEL	set	392
   256                           
   257                           	psect	cinit
   258  000F                     start_initialization:	
   259                           ; #config settings
   260                           
   261  000F                     __initialization:
   262                           
   263                           ; Initialize objects allocated to COMMON
   264  000F  120A  118A  21EA  120A  118A  	fcall	__pidataCOMMON	;fetch initializer
   265  0014  00FA               	movwf	__pdataCOMMON& (0+127)
   266                           
   267                           ; Clear objects allocated to BANK0
   268  0015  01B3               	clrf	__pbssBANK0& (0+127)
   269                           
   270                           ; Clear objects allocated to COMMON
   271  0016  01F9               	clrf	__pbssCOMMON& (0+127)
   272  0017                     end_of_initialization:	
   273                           ;End of C runtime variable initialization code
   274                           
   275  0017                     __end_of__initialization:
   276  0017  0183               	clrf	3
   277  0018  120A  118A  281B   	ljmp	_main	;jump to C main() function
   278                           
   279                           	psect	bssCOMMON
   280  0079                     __pbssCOMMON:
   281  0079                     _led:
   282  0079                     	ds	1
   283                           
   284                           	psect	dataCOMMON
   285  007A                     __pdataCOMMON:
   286  007A                     _sensor_dir:
   287  007A                     	ds	1
   288                           
   289                           	psect	bssBANK0
   290  0033                     __pbssBANK0:
   291  0033                     _TEMP_LSB:
   292  0033                     	ds	1
   293                           
   294                           	psect	cstackCOMMON
   295  0070                     __pcstackCOMMON:
   296  0070                     ?_I2C_Master_Wait:
   297  0070                     ?_I2C_Master_Start:	
   298                           ; 1 bytes @ 0x0
   299                           
   300  0070                     ?_I2C_Master_Stop:	
   301                           ; 1 bytes @ 0x0
   302                           
   303  0070                     ?_setup:	
   304                           ; 1 bytes @ 0x0
   305                           
   306  0070                     ?_ISR:	
   307                           ; 1 bytes @ 0x0
   308                           
   309  0070                     ??_ISR:	
   310                           ; 1 bytes @ 0x0
   311                           
   312  0070                     ?_main:	
   313                           ; 1 bytes @ 0x0
   314                           
   315                           
   316                           ; 1 bytes @ 0x0
   317  0070                     	ds	3
   318  0073                     ??_I2C_Master_Wait:
   319  0073                     ??_I2C_Master_Start:	
   320                           ; 1 bytes @ 0x3
   321                           
   322  0073                     ??_I2C_Master_Stop:	
   323                           ; 1 bytes @ 0x3
   324                           
   325  0073                     ?_I2C_Master_Write:	
   326                           ; 1 bytes @ 0x3
   327                           
   328  0073                     ??___lldiv:	
   329                           ; 1 bytes @ 0x3
   330                           
   331  0073                     ?_I2C_Master_Read:	
   332                           ; 1 bytes @ 0x3
   333                           
   334  0073                     I2C_Master_Write@d:	
   335                           ; 2 bytes @ 0x3
   336                           
   337  0073                     I2C_Master_Read@a:	
   338                           ; 2 bytes @ 0x3
   339                           
   340                           
   341                           ; 2 bytes @ 0x3
   342  0073                     	ds	1
   343  0074                     ___lldiv@quotient:
   344                           
   345                           ; 4 bytes @ 0x4
   346  0074                     	ds	1
   347  0075                     ??_I2C_Master_Write:
   348  0075                     ??_I2C_Master_Read:	
   349                           ; 1 bytes @ 0x5
   350                           
   351                           
   352                           ; 1 bytes @ 0x5
   353  0075                     	ds	2
   354  0077                     I2C_Master_Read@temp:
   355                           
   356                           ; 2 bytes @ 0x7
   357  0077                     	ds	1
   358  0078                     ___lldiv@counter:
   359                           
   360                           ; 1 bytes @ 0x8
   361  0078                     	ds	1
   362  0079                     ??_setup:
   363                           
   364                           	psect	cstackBANK0
   365  0020                     __pcstackBANK0:	
   366                           ; 1 bytes @ 0x9
   367                           
   368  0020                     ?___lldiv:
   369  0020                     ___lldiv@divisor:	
   370                           ; 4 bytes @ 0x0
   371                           
   372                           
   373                           ; 4 bytes @ 0x0
   374  0020                     	ds	4
   375  0024                     ___lldiv@dividend:
   376                           
   377                           ; 4 bytes @ 0x4
   378  0024                     	ds	4
   379  0028                     ?_I2C_Master_Init:
   380  0028                     I2C_Master_Init@c:	
   381                           ; 1 bytes @ 0x8
   382                           
   383                           
   384                           ; 4 bytes @ 0x8
   385  0028                     	ds	4
   386  002C                     ??_I2C_Master_Init:
   387                           
   388                           ; 1 bytes @ 0xC
   389  002C                     	ds	4
   390  0030                     ??_main:
   391                           
   392                           ; 1 bytes @ 0x10
   393  0030                     	ds	3
   394                           
   395                           	psect	maintext
   396  001B                     __pmaintext:	
   397 ;;
   398 ;;Main: autosize = 0, tempsize = 3, incstack = 0, save=0
   399 ;;
   400 ;; *************** function _main *****************
   401 ;; Defined at:
   402 ;;		line 99 in file "I2C.c"
   403 ;; Parameters:    Size  Location     Type
   404 ;;		None
   405 ;; Auto vars:     Size  Location     Type
   406 ;;		None
   407 ;; Return value:  Size  Location     Type
   408 ;;                  1    wreg      void 
   409 ;; Registers used:
   410 ;;		wreg, status,2, status,0, pclath, cstack
   411 ;; Tracked objects:
   412 ;;		On entry : B00/0
   413 ;;		On exit  : 0/0
   414 ;;		Unchanged: 0/0
   415 ;; Data sizes:     COMMON   BANK0   BANK1   BANK3   BANK2
   416 ;;      Params:         0       0       0       0       0
   417 ;;      Locals:         0       0       0       0       0
   418 ;;      Temps:          0       3       0       0       0
   419 ;;      Totals:         0       3       0       0       0
   420 ;;Total ram usage:        3 bytes
   421 ;; Hardware stack levels required when called:    4
   422 ;; This function calls:
   423 ;;		_I2C_Master_Read
   424 ;;		_I2C_Master_Start
   425 ;;		_I2C_Master_Stop
   426 ;;		_I2C_Master_Write
   427 ;;		_setup
   428 ;; This function is called by:
   429 ;;		Startup code after reset
   430 ;; This function uses a non-reentrant model
   431 ;;
   432                           
   433                           
   434                           ;psect for function _main
   435  001B                     _main:
   436  001B                     l1079:	
   437                           ;incstack = 0
   438                           ; Regs used in _main: [wreg+status,2+status,0+pclath+cstack]
   439                           
   440                           
   441                           ;I2C.c: 100:     setup();
   442  001B  120A  118A  20EB  120A  118A  	fcall	_setup
   443  0020                     l1081:
   444                           
   445                           ;I2C.c: 102:         TXREG = TEMP_LSB;
   446  0020  1283               	bcf	3,5	;RP0=0, select bank0
   447  0021  1303               	bcf	3,6	;RP1=0, select bank0
   448  0022  0833               	movf	_TEMP_LSB,w
   449  0023  0099               	movwf	25	;volatile
   450  0024                     l1083:
   451                           
   452                           ;I2C.c: 103:         I2C_Master_Start();
   453  0024  120A  118A  21E1  120A  118A  	fcall	_I2C_Master_Start
   454  0029                     l1085:
   455                           
   456                           ;I2C.c: 104:         I2C_Master_Write(0b11101100);
   457  0029  30EC               	movlw	236
   458  002A  00F3               	movwf	I2C_Master_Write@d
   459  002B  3000               	movlw	0
   460  002C  00F4               	movwf	I2C_Master_Write@d+1
   461  002D  120A  118A  21CE  120A  118A  	fcall	_I2C_Master_Write
   462  0032                     l1087:
   463                           
   464                           ;I2C.c: 105:         I2C_Master_Write(0xD0);
   465  0032  30D0               	movlw	208
   466  0033  00F3               	movwf	I2C_Master_Write@d
   467  0034  3000               	movlw	0
   468  0035  00F4               	movwf	I2C_Master_Write@d+1
   469  0036  120A  118A  21CE  120A  118A  	fcall	_I2C_Master_Write
   470  003B                     l1089:
   471                           
   472                           ;I2C.c: 106:         I2C_Master_Stop();
   473  003B  120A  118A  21D8  120A  118A  	fcall	_I2C_Master_Stop
   474  0040                     l1091:
   475                           
   476                           ;I2C.c: 107:         _delay((unsigned long)((200)*(4000000/4000.0)));
   477  0040  3002               	movlw	2
   478  0041  1283               	bcf	3,5	;RP0=0, select bank0
   479  0042  1303               	bcf	3,6	;RP1=0, select bank0
   480  0043  00B2               	movwf	??_main+2
   481  0044  3004               	movlw	4
   482  0045  00B1               	movwf	??_main+1
   483  0046  30B9               	movlw	185
   484  0047  00B0               	movwf	??_main
   485  0048                     u387:
   486  0048  0BB0               	decfsz	??_main,f
   487  0049  2848               	goto	u387
   488  004A  0BB1               	decfsz	??_main+1,f
   489  004B  2848               	goto	u387
   490  004C  0BB2               	decfsz	??_main+2,f
   491  004D  2848               	goto	u387
   492  004E  284F               	nop2
   493                           
   494                           ;I2C.c: 108:         I2C_Master_Start();
   495  004F  120A  118A  21E1  120A  118A  	fcall	_I2C_Master_Start
   496                           
   497                           ;I2C.c: 109:         I2C_Master_Write(0b11101101);
   498  0054  30ED               	movlw	237
   499  0055  00F3               	movwf	I2C_Master_Write@d
   500  0056  3000               	movlw	0
   501  0057  00F4               	movwf	I2C_Master_Write@d+1
   502  0058  120A  118A  21CE  120A  118A  	fcall	_I2C_Master_Write
   503                           
   504                           ;I2C.c: 110:         TEMP_LSB = I2C_Master_Read(0);
   505  005D  3000               	movlw	0
   506  005E  00F3               	movwf	I2C_Master_Read@a
   507  005F  00F4               	movwf	I2C_Master_Read@a+1
   508  0060  120A  118A  2194  120A  118A  	fcall	_I2C_Master_Read
   509  0065  0873               	movf	?_I2C_Master_Read,w
   510  0066  1283               	bcf	3,5	;RP0=0, select bank0
   511  0067  1303               	bcf	3,6	;RP1=0, select bank0
   512  0068  00B0               	movwf	??_main
   513  0069  0830               	movf	??_main,w
   514  006A  00B3               	movwf	_TEMP_LSB
   515                           
   516                           ;I2C.c: 111:         I2C_Master_Stop();
   517  006B  120A  118A  21D8  120A  118A  	fcall	_I2C_Master_Stop
   518  0070                     l1093:
   519                           
   520                           ;I2C.c: 112:         _delay((unsigned long)((200)*(4000000/4000.0)));
   521  0070  3002               	movlw	2
   522  0071  1283               	bcf	3,5	;RP0=0, select bank0
   523  0072  1303               	bcf	3,6	;RP1=0, select bank0
   524  0073  00B2               	movwf	??_main+2
   525  0074  3004               	movlw	4
   526  0075  00B1               	movwf	??_main+1
   527  0076  30B9               	movlw	185
   528  0077  00B0               	movwf	??_main
   529  0078                     u397:
   530  0078  0BB0               	decfsz	??_main,f
   531  0079  2878               	goto	u397
   532  007A  0BB1               	decfsz	??_main+1,f
   533  007B  2878               	goto	u397
   534  007C  0BB2               	decfsz	??_main+2,f
   535  007D  2878               	goto	u397
   536  007E  287F               	nop2
   537  007F  2820               	goto	l1081
   538  0080  120A  118A  280C   	ljmp	start
   539  0083                     __end_of_main:
   540                           
   541                           	psect	text1
   542  00EB                     __ptext1:	
   543 ;; *************** function _setup *****************
   544 ;; Defined at:
   545 ;;		line 43 in file "I2C.c"
   546 ;; Parameters:    Size  Location     Type
   547 ;;		None
   548 ;; Auto vars:     Size  Location     Type
   549 ;;		None
   550 ;; Return value:  Size  Location     Type
   551 ;;                  1    wreg      void 
   552 ;; Registers used:
   553 ;;		wreg, status,2, status,0, pclath, cstack
   554 ;; Tracked objects:
   555 ;;		On entry : 0/0
   556 ;;		On exit  : 0/0
   557 ;;		Unchanged: 0/0
   558 ;; Data sizes:     COMMON   BANK0   BANK1   BANK3   BANK2
   559 ;;      Params:         0       0       0       0       0
   560 ;;      Locals:         0       0       0       0       0
   561 ;;      Temps:          0       0       0       0       0
   562 ;;      Totals:         0       0       0       0       0
   563 ;;Total ram usage:        0 bytes
   564 ;; Hardware stack levels used:    1
   565 ;; Hardware stack levels required when called:    3
   566 ;; This function calls:
   567 ;;		_I2C_Master_Init
   568 ;; This function is called by:
   569 ;;		_main
   570 ;; This function uses a non-reentrant model
   571 ;;
   572                           
   573                           
   574                           ;psect for function _setup
   575  00EB                     _setup:
   576  00EB                     l1043:	
   577                           ;incstack = 0
   578                           ; Regs used in _setup: [wreg+status,2+status,0+pclath+cstack]
   579                           
   580                           
   581                           ;I2C.c: 44:     ANSEL = 0;
   582  00EB  1683               	bsf	3,5	;RP0=1, select bank3
   583  00EC  1703               	bsf	3,6	;RP1=1, select bank3
   584  00ED  0188               	clrf	8	;volatile
   585                           
   586                           ;I2C.c: 45:     ANSELH = 0;
   587  00EE  0189               	clrf	9	;volatile
   588                           
   589                           ;I2C.c: 47:     TRISA = 0x00;
   590  00EF  1683               	bsf	3,5	;RP0=1, select bank1
   591  00F0  1303               	bcf	3,6	;RP1=0, select bank1
   592  00F1  0185               	clrf	5	;volatile
   593                           
   594                           ;I2C.c: 48:     TRISB = 0x00;
   595  00F2  0186               	clrf	6	;volatile
   596                           
   597                           ;I2C.c: 49:     TRISC = 0x00;
   598  00F3  0187               	clrf	7	;volatile
   599  00F4                     l1045:
   600                           
   601                           ;I2C.c: 50:     TRISCbits.TRISC3 = 0;
   602  00F4  1187               	bcf	7,3	;volatile
   603  00F5                     l1047:
   604                           
   605                           ;I2C.c: 51:     TRISCbits.TRISC7 = 1;
   606  00F5  1787               	bsf	7,7	;volatile
   607                           
   608                           ;I2C.c: 52:     TRISD = 0x00;
   609  00F6  0188               	clrf	8	;volatile
   610                           
   611                           ;I2C.c: 53:     TRISE = 0x00;
   612  00F7  0189               	clrf	9	;volatile
   613                           
   614                           ;I2C.c: 54:     PORTE = 0x00;
   615  00F8  1283               	bcf	3,5	;RP0=0, select bank0
   616  00F9  1303               	bcf	3,6	;RP1=0, select bank0
   617  00FA  0189               	clrf	9	;volatile
   618  00FB                     l1049:
   619                           
   620                           ;I2C.c: 56:     I2C_Master_Init(9);
   621  00FB  3000               	movlw	0
   622  00FC  00AB               	movwf	I2C_Master_Init@c+3
   623  00FD  3000               	movlw	0
   624  00FE  00AA               	movwf	I2C_Master_Init@c+2
   625  00FF  3000               	movlw	0
   626  0100  00A9               	movwf	I2C_Master_Init@c+1
   627  0101  3009               	movlw	9
   628  0102  00A8               	movwf	I2C_Master_Init@c
   629  0103  120A  118A  2127  120A  118A  	fcall	_I2C_Master_Init
   630  0108                     l1051:
   631                           
   632                           ;I2C.c: 58:     TXSTAbits.BRGH = 1;
   633  0108  1683               	bsf	3,5	;RP0=1, select bank1
   634  0109  1303               	bcf	3,6	;RP1=0, select bank1
   635  010A  1518               	bsf	24,2	;volatile
   636  010B                     l1053:
   637                           
   638                           ;I2C.c: 59:     BAUDCTLbits.BRG16 = 0;
   639  010B  1683               	bsf	3,5	;RP0=1, select bank3
   640  010C  1703               	bsf	3,6	;RP1=1, select bank3
   641  010D  1187               	bcf	7,3	;volatile
   642  010E                     l1055:
   643                           
   644                           ;I2C.c: 60:     SPBRG = 25;
   645  010E  3019               	movlw	25
   646  010F  1683               	bsf	3,5	;RP0=1, select bank1
   647  0110  1303               	bcf	3,6	;RP1=0, select bank1
   648  0111  0099               	movwf	25	;volatile
   649  0112                     l1057:
   650                           
   651                           ;I2C.c: 63:     TXSTAbits.TXEN = 1;
   652  0112  1698               	bsf	24,5	;volatile
   653  0113                     l1059:
   654                           
   655                           ;I2C.c: 64:     TXSTAbits.SYNC = 0;
   656  0113  1218               	bcf	24,4	;volatile
   657  0114                     l1061:
   658                           
   659                           ;I2C.c: 65:     RCSTAbits.SPEN = 1;
   660  0114  1283               	bcf	3,5	;RP0=0, select bank0
   661  0115  1303               	bcf	3,6	;RP1=0, select bank0
   662  0116  1798               	bsf	24,7	;volatile
   663  0117                     l1063:
   664                           
   665                           ;I2C.c: 66:     TXSTAbits.TX9 = 0;
   666  0117  1683               	bsf	3,5	;RP0=1, select bank1
   667  0118  1303               	bcf	3,6	;RP1=0, select bank1
   668  0119  1318               	bcf	24,6	;volatile
   669  011A                     l1065:
   670                           
   671                           ;I2C.c: 69:     RCSTAbits.CREN = 1;
   672  011A  1283               	bcf	3,5	;RP0=0, select bank0
   673  011B  1303               	bcf	3,6	;RP1=0, select bank0
   674  011C  1618               	bsf	24,4	;volatile
   675  011D                     l1067:
   676                           
   677                           ;I2C.c: 70:     RCSTAbits.RX9 = 0;
   678  011D  1318               	bcf	24,6	;volatile
   679  011E                     l1069:
   680                           
   681                           ;I2C.c: 73:     PIE1bits.RCIE = 1;
   682  011E  1683               	bsf	3,5	;RP0=1, select bank1
   683  011F  1303               	bcf	3,6	;RP1=0, select bank1
   684  0120  168C               	bsf	12,5	;volatile
   685  0121                     l1071:
   686                           
   687                           ;I2C.c: 74:     PIE1bits.TXIE = 0;
   688  0121  120C               	bcf	12,4	;volatile
   689  0122                     l1073:
   690                           
   691                           ;I2C.c: 75:     PIR1bits.RCIF = 0;
   692  0122  1283               	bcf	3,5	;RP0=0, select bank0
   693  0123  1303               	bcf	3,6	;RP1=0, select bank0
   694  0124  128C               	bcf	12,5	;volatile
   695  0125                     l1075:
   696                           
   697                           ;I2C.c: 77:     INTCONbits.GIE = 1;
   698  0125  178B               	bsf	11,7	;volatile
   699  0126                     l108:
   700  0126  0008               	return
   701  0127                     __end_of_setup:
   702                           
   703                           	psect	text2
   704  0127                     __ptext2:	
   705 ;; *************** function _I2C_Master_Init *****************
   706 ;; Defined at:
   707 ;;		line 33 in file "./I2C.h"
   708 ;; Parameters:    Size  Location     Type
   709 ;;  c               4    8[BANK0 ] const unsigned long 
   710 ;; Auto vars:     Size  Location     Type
   711 ;;		None
   712 ;; Return value:  Size  Location     Type
   713 ;;                  1    wreg      void 
   714 ;; Registers used:
   715 ;;		wreg, status,2, status,0, pclath, cstack
   716 ;; Tracked objects:
   717 ;;		On entry : 0/0
   718 ;;		On exit  : 0/0
   719 ;;		Unchanged: 0/0
   720 ;; Data sizes:     COMMON   BANK0   BANK1   BANK3   BANK2
   721 ;;      Params:         0       4       0       0       0
   722 ;;      Locals:         0       0       0       0       0
   723 ;;      Temps:          0       4       0       0       0
   724 ;;      Totals:         0       8       0       0       0
   725 ;;Total ram usage:        8 bytes
   726 ;; Hardware stack levels used:    1
   727 ;; Hardware stack levels required when called:    2
   728 ;; This function calls:
   729 ;;		___lldiv
   730 ;; This function is called by:
   731 ;;		_setup
   732 ;; This function uses a non-reentrant model
   733 ;;
   734                           
   735                           
   736                           ;psect for function _I2C_Master_Init
   737  0127                     _I2C_Master_Init:
   738  0127                     l1031:	
   739                           ;incstack = 0
   740                           ; Regs used in _I2C_Master_Init: [wreg+status,2+status,0+pclath+cstack]
   741                           
   742                           
   743                           ;./I2C.h: 33: void I2C_Master_Init(const unsigned long c);./I2C.h: 34: {;./I2C.h: 35:   
      +                          SSPCON = 0b00101000;
   744  0127  3028               	movlw	40
   745  0128  1283               	bcf	3,5	;RP0=0, select bank0
   746  0129  1303               	bcf	3,6	;RP1=0, select bank0
   747  012A  0094               	movwf	20	;volatile
   748  012B                     l1033:
   749                           
   750                           ;./I2C.h: 36:   SSPCON2 = 0;
   751  012B  1683               	bsf	3,5	;RP0=1, select bank1
   752  012C  1303               	bcf	3,6	;RP1=0, select bank1
   753  012D  0191               	clrf	17	;volatile
   754  012E                     l1035:
   755                           
   756                           ;./I2C.h: 37:   SSPADD = (4000000 /(4*c))-1;
   757  012E  1283               	bcf	3,5	;RP0=0, select bank0
   758  012F  1303               	bcf	3,6	;RP1=0, select bank0
   759  0130  0828               	movf	I2C_Master_Init@c,w
   760  0131  00AC               	movwf	??_I2C_Master_Init
   761  0132  0829               	movf	I2C_Master_Init@c+1,w
   762  0133  00AD               	movwf	??_I2C_Master_Init+1
   763  0134  082A               	movf	I2C_Master_Init@c+2,w
   764  0135  00AE               	movwf	??_I2C_Master_Init+2
   765  0136  082B               	movf	I2C_Master_Init@c+3,w
   766  0137  00AF               	movwf	??_I2C_Master_Init+3
   767  0138  3002               	movlw	2
   768  0139                     u375:
   769  0139  1003               	clrc
   770  013A  0DAC               	rlf	??_I2C_Master_Init,f
   771  013B  0DAD               	rlf	??_I2C_Master_Init+1,f
   772  013C  0DAE               	rlf	??_I2C_Master_Init+2,f
   773  013D  0DAF               	rlf	??_I2C_Master_Init+3,f
   774  013E                     u370:
   775  013E  3EFF               	addlw	-1
   776  013F  1D03               	skipz
   777  0140  2939               	goto	u375
   778  0141  082F               	movf	??_I2C_Master_Init+3,w
   779  0142  00A3               	movwf	___lldiv@divisor+3
   780  0143  082E               	movf	??_I2C_Master_Init+2,w
   781  0144  00A2               	movwf	___lldiv@divisor+2
   782  0145  082D               	movf	??_I2C_Master_Init+1,w
   783  0146  00A1               	movwf	___lldiv@divisor+1
   784  0147  082C               	movf	??_I2C_Master_Init,w
   785  0148  00A0               	movwf	___lldiv@divisor
   786  0149  3000               	movlw	0
   787  014A  00A7               	movwf	___lldiv@dividend+3
   788  014B  303D               	movlw	61
   789  014C  00A6               	movwf	___lldiv@dividend+2
   790  014D  3009               	movlw	9
   791  014E  00A5               	movwf	___lldiv@dividend+1
   792  014F  3000               	movlw	0
   793  0150  00A4               	movwf	___lldiv@dividend
   794  0151  120A  118A  2083  120A  118A  	fcall	___lldiv
   795  0156  1283               	bcf	3,5	;RP0=0, select bank0
   796  0157  1303               	bcf	3,6	;RP1=0, select bank0
   797  0158  0820               	movf	?___lldiv,w
   798  0159  3EFF               	addlw	255
   799  015A  1683               	bsf	3,5	;RP0=1, select bank1
   800  015B  1303               	bcf	3,6	;RP1=0, select bank1
   801  015C  0093               	movwf	19	;volatile
   802  015D                     l1037:
   803                           
   804                           ;./I2C.h: 38:   SSPSTAT = 0;
   805  015D  0194               	clrf	20	;volatile
   806  015E                     l1039:
   807                           
   808                           ;./I2C.h: 39:   TRISC3 = 1;
   809  015E  1587               	bsf	7,3	;volatile
   810  015F                     l1041:
   811                           
   812                           ;./I2C.h: 40:   TRISC4 = 1;
   813  015F  1607               	bsf	7,4	;volatile
   814  0160                     l75:
   815  0160  0008               	return
   816  0161                     __end_of_I2C_Master_Init:
   817                           
   818                           	psect	text3
   819  0083                     __ptext3:	
   820 ;; *************** function ___lldiv *****************
   821 ;; Defined at:
   822 ;;		line 5 in file "C:\Program Files\Microchip\xc8\v2.31\pic\sources\c90\common\__lldiv.c"
   823 ;; Parameters:    Size  Location     Type
   824 ;;  divisor         4    0[BANK0 ] unsigned long 
   825 ;;  dividend        4    4[BANK0 ] unsigned long 
   826 ;; Auto vars:     Size  Location     Type
   827 ;;  quotient        4    4[COMMON] unsigned long 
   828 ;;  counter         1    8[COMMON] unsigned char 
   829 ;; Return value:  Size  Location     Type
   830 ;;                  4    0[BANK0 ] unsigned long 
   831 ;; Registers used:
   832 ;;		wreg, status,2, status,0
   833 ;; Tracked objects:
   834 ;;		On entry : 0/0
   835 ;;		On exit  : 0/0
   836 ;;		Unchanged: 0/0
   837 ;; Data sizes:     COMMON   BANK0   BANK1   BANK3   BANK2
   838 ;;      Params:         0       8       0       0       0
   839 ;;      Locals:         5       0       0       0       0
   840 ;;      Temps:          1       0       0       0       0
   841 ;;      Totals:         6       8       0       0       0
   842 ;;Total ram usage:       14 bytes
   843 ;; Hardware stack levels used:    1
   844 ;; Hardware stack levels required when called:    1
   845 ;; This function calls:
   846 ;;		Nothing
   847 ;; This function is called by:
   848 ;;		_I2C_Master_Init
   849 ;; This function uses a non-reentrant model
   850 ;;
   851                           
   852                           
   853                           ;psect for function ___lldiv
   854  0083                     ___lldiv:
   855  0083                     l1007:	
   856                           ;incstack = 0
   857                           ; Regs used in ___lldiv: [wreg+status,2+status,0]
   858                           
   859  0083  3000               	movlw	0
   860  0084  00F7               	movwf	___lldiv@quotient+3
   861  0085  3000               	movlw	0
   862  0086  00F6               	movwf	___lldiv@quotient+2
   863  0087  3000               	movlw	0
   864  0088  00F5               	movwf	___lldiv@quotient+1
   865  0089  3000               	movlw	0
   866  008A  00F4               	movwf	___lldiv@quotient
   867  008B  1283               	bcf	3,5	;RP0=0, select bank0
   868  008C  1303               	bcf	3,6	;RP1=0, select bank0
   869  008D  0823               	movf	___lldiv@divisor+3,w
   870  008E  0422               	iorwf	___lldiv@divisor+2,w
   871  008F  0421               	iorwf	___lldiv@divisor+1,w
   872  0090  0420               	iorwf	___lldiv@divisor,w
   873  0091  1903               	skipnz
   874  0092  2894               	goto	u301
   875  0093  2895               	goto	u300
   876  0094                     u301:
   877  0094  28E2               	goto	l1027
   878  0095                     u300:
   879  0095                     l1009:
   880  0095  01F8               	clrf	___lldiv@counter
   881  0096  0AF8               	incf	___lldiv@counter,f
   882  0097  28A5               	goto	l1013
   883  0098                     l1011:
   884  0098  3001               	movlw	1
   885  0099  00F3               	movwf	??___lldiv
   886  009A                     u315:
   887  009A  1003               	clrc
   888  009B  0DA0               	rlf	___lldiv@divisor,f
   889  009C  0DA1               	rlf	___lldiv@divisor+1,f
   890  009D  0DA2               	rlf	___lldiv@divisor+2,f
   891  009E  0DA3               	rlf	___lldiv@divisor+3,f
   892  009F  0BF3               	decfsz	??___lldiv,f
   893  00A0  289A               	goto	u315
   894  00A1  3001               	movlw	1
   895  00A2  00F3               	movwf	??___lldiv
   896  00A3  0873               	movf	??___lldiv,w
   897  00A4  07F8               	addwf	___lldiv@counter,f
   898  00A5                     l1013:
   899  00A5  1FA3               	btfss	___lldiv@divisor+3,7
   900  00A6  28A8               	goto	u321
   901  00A7  28A9               	goto	u320
   902  00A8                     u321:
   903  00A8  2898               	goto	l1011
   904  00A9                     u320:
   905  00A9                     l1015:
   906  00A9  3001               	movlw	1
   907  00AA  00F3               	movwf	??___lldiv
   908  00AB                     u335:
   909  00AB  1003               	clrc
   910  00AC  0DF4               	rlf	___lldiv@quotient,f
   911  00AD  0DF5               	rlf	___lldiv@quotient+1,f
   912  00AE  0DF6               	rlf	___lldiv@quotient+2,f
   913  00AF  0DF7               	rlf	___lldiv@quotient+3,f
   914  00B0  0BF3               	decfsz	??___lldiv,f
   915  00B1  28AB               	goto	u335
   916  00B2                     l1017:
   917  00B2  0823               	movf	___lldiv@divisor+3,w
   918  00B3  0227               	subwf	___lldiv@dividend+3,w
   919  00B4  1D03               	skipz
   920  00B5  28C0               	goto	u345
   921  00B6  0822               	movf	___lldiv@divisor+2,w
   922  00B7  0226               	subwf	___lldiv@dividend+2,w
   923  00B8  1D03               	skipz
   924  00B9  28C0               	goto	u345
   925  00BA  0821               	movf	___lldiv@divisor+1,w
   926  00BB  0225               	subwf	___lldiv@dividend+1,w
   927  00BC  1D03               	skipz
   928  00BD  28C0               	goto	u345
   929  00BE  0820               	movf	___lldiv@divisor,w
   930  00BF  0224               	subwf	___lldiv@dividend,w
   931  00C0                     u345:
   932  00C0  1C03               	skipc
   933  00C1  28C3               	goto	u341
   934  00C2  28C4               	goto	u340
   935  00C3                     u341:
   936  00C3  28D3               	goto	l1023
   937  00C4                     u340:
   938  00C4                     l1019:
   939  00C4  0820               	movf	___lldiv@divisor,w
   940  00C5  02A4               	subwf	___lldiv@dividend,f
   941  00C6  0821               	movf	___lldiv@divisor+1,w
   942  00C7  1C03               	skipc
   943  00C8  0F21               	incfsz	___lldiv@divisor+1,w
   944  00C9  02A5               	subwf	___lldiv@dividend+1,f
   945  00CA  0822               	movf	___lldiv@divisor+2,w
   946  00CB  1C03               	skipc
   947  00CC  0F22               	incfsz	___lldiv@divisor+2,w
   948  00CD  02A6               	subwf	___lldiv@dividend+2,f
   949  00CE  0823               	movf	___lldiv@divisor+3,w
   950  00CF  1C03               	skipc
   951  00D0  0F23               	incfsz	___lldiv@divisor+3,w
   952  00D1  02A7               	subwf	___lldiv@dividend+3,f
   953  00D2                     l1021:
   954  00D2  1474               	bsf	___lldiv@quotient,0
   955  00D3                     l1023:
   956  00D3  3001               	movlw	1
   957  00D4                     u355:
   958  00D4  1003               	clrc
   959  00D5  0CA3               	rrf	___lldiv@divisor+3,f
   960  00D6  0CA2               	rrf	___lldiv@divisor+2,f
   961  00D7  0CA1               	rrf	___lldiv@divisor+1,f
   962  00D8  0CA0               	rrf	___lldiv@divisor,f
   963  00D9  3EFF               	addlw	-1
   964  00DA  1D03               	skipz
   965  00DB  28D4               	goto	u355
   966  00DC                     l1025:
   967  00DC  3001               	movlw	1
   968  00DD  02F8               	subwf	___lldiv@counter,f
   969  00DE  1D03               	btfss	3,2
   970  00DF  28E1               	goto	u361
   971  00E0  28E2               	goto	u360
   972  00E1                     u361:
   973  00E1  28A9               	goto	l1015
   974  00E2                     u360:
   975  00E2                     l1027:
   976  00E2  0877               	movf	___lldiv@quotient+3,w
   977  00E3  00A3               	movwf	?___lldiv+3
   978  00E4  0876               	movf	___lldiv@quotient+2,w
   979  00E5  00A2               	movwf	?___lldiv+2
   980  00E6  0875               	movf	___lldiv@quotient+1,w
   981  00E7  00A1               	movwf	?___lldiv+1
   982  00E8  0874               	movf	___lldiv@quotient,w
   983  00E9  00A0               	movwf	?___lldiv
   984  00EA                     l251:
   985  00EA  0008               	return
   986  00EB                     __end_of___lldiv:
   987                           
   988                           	psect	text4
   989  01CE                     __ptext4:	
   990 ;; *************** function _I2C_Master_Write *****************
   991 ;; Defined at:
   992 ;;		line 71 in file "./I2C.h"
   993 ;; Parameters:    Size  Location     Type
   994 ;;  d               2    3[COMMON] unsigned int 
   995 ;; Auto vars:     Size  Location     Type
   996 ;;		None
   997 ;; Return value:  Size  Location     Type
   998 ;;                  1    wreg      void 
   999 ;; Registers used:
  1000 ;;		wreg, status,2, status,0, pclath, cstack
  1001 ;; Tracked objects:
  1002 ;;		On entry : 0/0
  1003 ;;		On exit  : 0/0
  1004 ;;		Unchanged: 0/0
  1005 ;; Data sizes:     COMMON   BANK0   BANK1   BANK3   BANK2
  1006 ;;      Params:         2       0       0       0       0
  1007 ;;      Locals:         0       0       0       0       0
  1008 ;;      Temps:          0       0       0       0       0
  1009 ;;      Totals:         2       0       0       0       0
  1010 ;;Total ram usage:        2 bytes
  1011 ;; Hardware stack levels used:    1
  1012 ;; Hardware stack levels required when called:    2
  1013 ;; This function calls:
  1014 ;;		_I2C_Master_Wait
  1015 ;; This function is called by:
  1016 ;;		_main
  1017 ;; This function uses a non-reentrant model
  1018 ;;
  1019                           
  1020                           
  1021                           ;psect for function _I2C_Master_Write
  1022  01CE                     _I2C_Master_Write:
  1023  01CE                     l931:	
  1024                           ;incstack = 0
  1025                           ; Regs used in _I2C_Master_Write: [wreg+status,2+status,0+pclath+cstack]
  1026                           
  1027                           
  1028                           ;./I2C.h: 71: void I2C_Master_Write(unsigned d);./I2C.h: 72: {;./I2C.h: 73:   I2C_Master
      +                          _Wait();
  1029  01CE  120A  118A  21C1  120A  118A  	fcall	_I2C_Master_Wait
  1030  01D3                     l933:
  1031                           
  1032                           ;./I2C.h: 74:   SSPBUF = d;
  1033  01D3  0873               	movf	I2C_Master_Write@d,w
  1034  01D4  1283               	bcf	3,5	;RP0=0, select bank0
  1035  01D5  1303               	bcf	3,6	;RP1=0, select bank0
  1036  01D6  0093               	movwf	19	;volatile
  1037  01D7                     l93:
  1038  01D7  0008               	return
  1039  01D8                     __end_of_I2C_Master_Write:
  1040                           
  1041                           	psect	text5
  1042  01D8                     __ptext5:	
  1043 ;; *************** function _I2C_Master_Stop *****************
  1044 ;; Defined at:
  1045 ;;		line 64 in file "./I2C.h"
  1046 ;; Parameters:    Size  Location     Type
  1047 ;;		None
  1048 ;; Auto vars:     Size  Location     Type
  1049 ;;		None
  1050 ;; Return value:  Size  Location     Type
  1051 ;;                  1    wreg      void 
  1052 ;; Registers used:
  1053 ;;		wreg, status,2, status,0, pclath, cstack
  1054 ;; Tracked objects:
  1055 ;;		On entry : 0/0
  1056 ;;		On exit  : 0/0
  1057 ;;		Unchanged: 0/0
  1058 ;; Data sizes:     COMMON   BANK0   BANK1   BANK3   BANK2
  1059 ;;      Params:         0       0       0       0       0
  1060 ;;      Locals:         0       0       0       0       0
  1061 ;;      Temps:          0       0       0       0       0
  1062 ;;      Totals:         0       0       0       0       0
  1063 ;;Total ram usage:        0 bytes
  1064 ;; Hardware stack levels used:    1
  1065 ;; Hardware stack levels required when called:    2
  1066 ;; This function calls:
  1067 ;;		_I2C_Master_Wait
  1068 ;; This function is called by:
  1069 ;;		_main
  1070 ;; This function uses a non-reentrant model
  1071 ;;
  1072                           
  1073                           
  1074                           ;psect for function _I2C_Master_Stop
  1075  01D8                     _I2C_Master_Stop:
  1076  01D8                     l927:	
  1077                           ;incstack = 0
  1078                           ; Regs used in _I2C_Master_Stop: [wreg+status,2+status,0+pclath+cstack]
  1079                           
  1080                           
  1081                           ;./I2C.h: 66:   I2C_Master_Wait();
  1082  01D8  120A  118A  21C1  120A  118A  	fcall	_I2C_Master_Wait
  1083  01DD                     l929:
  1084                           
  1085                           ;./I2C.h: 67:   PEN = 1;
  1086  01DD  1683               	bsf	3,5	;RP0=1, select bank1
  1087  01DE  1303               	bcf	3,6	;RP1=0, select bank1
  1088  01DF  1511               	bsf	17,2	;volatile
  1089  01E0                     l90:
  1090  01E0  0008               	return
  1091  01E1                     __end_of_I2C_Master_Stop:
  1092                           
  1093                           	psect	text6
  1094  01E1                     __ptext6:	
  1095 ;; *************** function _I2C_Master_Start *****************
  1096 ;; Defined at:
  1097 ;;		line 50 in file "./I2C.h"
  1098 ;; Parameters:    Size  Location     Type
  1099 ;;		None
  1100 ;; Auto vars:     Size  Location     Type
  1101 ;;		None
  1102 ;; Return value:  Size  Location     Type
  1103 ;;                  1    wreg      void 
  1104 ;; Registers used:
  1105 ;;		wreg, status,2, status,0, pclath, cstack
  1106 ;; Tracked objects:
  1107 ;;		On entry : 0/0
  1108 ;;		On exit  : 0/0
  1109 ;;		Unchanged: 0/0
  1110 ;; Data sizes:     COMMON   BANK0   BANK1   BANK3   BANK2
  1111 ;;      Params:         0       0       0       0       0
  1112 ;;      Locals:         0       0       0       0       0
  1113 ;;      Temps:          0       0       0       0       0
  1114 ;;      Totals:         0       0       0       0       0
  1115 ;;Total ram usage:        0 bytes
  1116 ;; Hardware stack levels used:    1
  1117 ;; Hardware stack levels required when called:    2
  1118 ;; This function calls:
  1119 ;;		_I2C_Master_Wait
  1120 ;; This function is called by:
  1121 ;;		_main
  1122 ;; This function uses a non-reentrant model
  1123 ;;
  1124                           
  1125                           
  1126                           ;psect for function _I2C_Master_Start
  1127  01E1                     _I2C_Master_Start:
  1128  01E1                     l923:	
  1129                           ;incstack = 0
  1130                           ; Regs used in _I2C_Master_Start: [wreg+status,2+status,0+pclath+cstack]
  1131                           
  1132                           
  1133                           ;./I2C.h: 52:   I2C_Master_Wait();
  1134  01E1  120A  118A  21C1  120A  118A  	fcall	_I2C_Master_Wait
  1135  01E6                     l925:
  1136                           
  1137                           ;./I2C.h: 53:   SEN = 1;
  1138  01E6  1683               	bsf	3,5	;RP0=1, select bank1
  1139  01E7  1303               	bcf	3,6	;RP1=0, select bank1
  1140  01E8  1411               	bsf	17,0	;volatile
  1141  01E9                     l84:
  1142  01E9  0008               	return
  1143  01EA                     __end_of_I2C_Master_Start:
  1144                           
  1145                           	psect	text7
  1146  0194                     __ptext7:	
  1147 ;; *************** function _I2C_Master_Read *****************
  1148 ;; Defined at:
  1149 ;;		line 78 in file "./I2C.h"
  1150 ;; Parameters:    Size  Location     Type
  1151 ;;  a               2    3[COMMON] unsigned short 
  1152 ;; Auto vars:     Size  Location     Type
  1153 ;;  temp            2    7[COMMON] unsigned short 
  1154 ;; Return value:  Size  Location     Type
  1155 ;;                  2    3[COMMON] unsigned short 
  1156 ;; Registers used:
  1157 ;;		wreg, status,2, status,0, pclath, cstack
  1158 ;; Tracked objects:
  1159 ;;		On entry : 0/0
  1160 ;;		On exit  : 0/0
  1161 ;;		Unchanged: 0/0
  1162 ;; Data sizes:     COMMON   BANK0   BANK1   BANK3   BANK2
  1163 ;;      Params:         2       0       0       0       0
  1164 ;;      Locals:         2       0       0       0       0
  1165 ;;      Temps:          2       0       0       0       0
  1166 ;;      Totals:         6       0       0       0       0
  1167 ;;Total ram usage:        6 bytes
  1168 ;; Hardware stack levels used:    1
  1169 ;; Hardware stack levels required when called:    2
  1170 ;; This function calls:
  1171 ;;		_I2C_Master_Wait
  1172 ;; This function is called by:
  1173 ;;		_main
  1174 ;; This function uses a non-reentrant model
  1175 ;;
  1176                           
  1177                           
  1178                           ;psect for function _I2C_Master_Read
  1179  0194                     _I2C_Master_Read:
  1180  0194                     l935:	
  1181                           ;incstack = 0
  1182                           ; Regs used in _I2C_Master_Read: [wreg+status,2+status,0+pclath+cstack]
  1183                           
  1184                           
  1185                           ;./I2C.h: 78: unsigned short I2C_Master_Read(unsigned short a);./I2C.h: 79: {;./I2C.h: 8
      +                          0:   unsigned short temp;;./I2C.h: 81:   I2C_Master_Wait();
  1186  0194  120A  118A  21C1  120A  118A  	fcall	_I2C_Master_Wait
  1187  0199                     l937:
  1188                           
  1189                           ;./I2C.h: 82:   RCEN = 1;
  1190  0199  1683               	bsf	3,5	;RP0=1, select bank1
  1191  019A  1303               	bcf	3,6	;RP1=0, select bank1
  1192  019B  1591               	bsf	17,3	;volatile
  1193                           
  1194                           ;./I2C.h: 83:   I2C_Master_Wait();
  1195  019C  120A  118A  21C1  120A  118A  	fcall	_I2C_Master_Wait
  1196  01A1                     l939:
  1197                           
  1198                           ;./I2C.h: 84:   temp = SSPBUF;
  1199  01A1  1283               	bcf	3,5	;RP0=0, select bank0
  1200  01A2  1303               	bcf	3,6	;RP1=0, select bank0
  1201  01A3  0813               	movf	19,w	;volatile
  1202  01A4  00F5               	movwf	??_I2C_Master_Read
  1203  01A5  01F6               	clrf	??_I2C_Master_Read+1
  1204  01A6  0875               	movf	??_I2C_Master_Read,w
  1205  01A7  00F7               	movwf	I2C_Master_Read@temp
  1206  01A8  0876               	movf	??_I2C_Master_Read+1,w
  1207  01A9  00F8               	movwf	I2C_Master_Read@temp+1
  1208  01AA                     l941:
  1209                           
  1210                           ;./I2C.h: 85:   I2C_Master_Wait();
  1211  01AA  120A  118A  21C1  120A  118A  	fcall	_I2C_Master_Wait
  1212  01AF                     l943:
  1213                           
  1214                           ;./I2C.h: 86:   ACKDT = (a)?0:1;
  1215  01AF  0873               	movf	I2C_Master_Read@a,w
  1216  01B0  0474               	iorwf	I2C_Master_Read@a+1,w
  1217  01B1  1903               	btfsc	3,2
  1218  01B2  29B4               	goto	u281
  1219  01B3  29B8               	goto	u280
  1220  01B4                     u281:
  1221  01B4  1683               	bsf	3,5	;RP0=1, select bank1
  1222  01B5  1303               	bcf	3,6	;RP1=0, select bank1
  1223  01B6  1691               	bsf	17,5	;volatile
  1224  01B7  29BB               	goto	u294
  1225  01B8                     u280:
  1226  01B8  1683               	bsf	3,5	;RP0=1, select bank1
  1227  01B9  1303               	bcf	3,6	;RP1=0, select bank1
  1228  01BA  1291               	bcf	17,5	;volatile
  1229  01BB                     u294:
  1230  01BB                     l945:
  1231                           
  1232                           ;./I2C.h: 87:   ACKEN = 1;
  1233  01BB  1611               	bsf	17,4	;volatile
  1234  01BC                     l947:
  1235                           
  1236                           ;./I2C.h: 88:   return temp;
  1237  01BC  0878               	movf	I2C_Master_Read@temp+1,w
  1238  01BD  00F4               	movwf	?_I2C_Master_Read+1
  1239  01BE  0877               	movf	I2C_Master_Read@temp,w
  1240  01BF  00F3               	movwf	?_I2C_Master_Read
  1241  01C0                     l96:
  1242  01C0  0008               	return
  1243  01C1                     __end_of_I2C_Master_Read:
  1244                           
  1245                           	psect	text8
  1246  01C1                     __ptext8:	
  1247 ;; *************** function _I2C_Master_Wait *****************
  1248 ;; Defined at:
  1249 ;;		line 44 in file "./I2C.h"
  1250 ;; Parameters:    Size  Location     Type
  1251 ;;		None
  1252 ;; Auto vars:     Size  Location     Type
  1253 ;;		None
  1254 ;; Return value:  Size  Location     Type
  1255 ;;                  1    wreg      void 
  1256 ;; Registers used:
  1257 ;;		wreg, status,2
  1258 ;; Tracked objects:
  1259 ;;		On entry : 0/0
  1260 ;;		On exit  : 0/0
  1261 ;;		Unchanged: 0/0
  1262 ;; Data sizes:     COMMON   BANK0   BANK1   BANK3   BANK2
  1263 ;;      Params:         0       0       0       0       0
  1264 ;;      Locals:         0       0       0       0       0
  1265 ;;      Temps:          0       0       0       0       0
  1266 ;;      Totals:         0       0       0       0       0
  1267 ;;Total ram usage:        0 bytes
  1268 ;; Hardware stack levels used:    1
  1269 ;; Hardware stack levels required when called:    1
  1270 ;; This function calls:
  1271 ;;		Nothing
  1272 ;; This function is called by:
  1273 ;;		_I2C_Master_Start
  1274 ;;		_I2C_Master_Stop
  1275 ;;		_I2C_Master_Write
  1276 ;;		_I2C_Master_Read
  1277 ;;		_I2C_Master_RepeatedStart
  1278 ;; This function uses a non-reentrant model
  1279 ;;
  1280                           
  1281                           
  1282                           ;psect for function _I2C_Master_Wait
  1283  01C1                     _I2C_Master_Wait:
  1284  01C1                     l919:	
  1285                           ;incstack = 0
  1286                           ; Regs used in _I2C_Master_Wait: [wreg+status,2]
  1287                           
  1288  01C1                     l78:	
  1289                           ;./I2C.h: 46:   while ((SSPSTAT & 0x04) || (SSPCON2 & 0x1F));
  1290                           
  1291  01C1  1683               	bsf	3,5	;RP0=1, select bank1
  1292  01C2  1303               	bcf	3,6	;RP1=0, select bank1
  1293  01C3  1914               	btfsc	20,2	;volatile
  1294  01C4  29C6               	goto	u261
  1295  01C5  29C7               	goto	u260
  1296  01C6                     u261:
  1297  01C6  29C1               	goto	l78
  1298  01C7                     u260:
  1299  01C7                     l921:
  1300  01C7  0811               	movf	17,w	;volatile
  1301  01C8  391F               	andlw	31
  1302  01C9  1D03               	btfss	3,2
  1303  01CA  29CC               	goto	u271
  1304  01CB  29CD               	goto	u270
  1305  01CC                     u271:
  1306  01CC  29C1               	goto	l78
  1307  01CD                     u270:
  1308  01CD                     l81:
  1309  01CD  0008               	return
  1310  01CE                     __end_of_I2C_Master_Wait:
  1311                           
  1312                           	psect	text9
  1313  0161                     __ptext9:	
  1314 ;; *************** function _ISR *****************
  1315 ;; Defined at:
  1316 ;;		line 82 in file "I2C.c"
  1317 ;; Parameters:    Size  Location     Type
  1318 ;;		None
  1319 ;; Auto vars:     Size  Location     Type
  1320 ;;		None
  1321 ;; Return value:  Size  Location     Type
  1322 ;;                  1    wreg      void 
  1323 ;; Registers used:
  1324 ;;		wreg, status,2, status,0
  1325 ;; Tracked objects:
  1326 ;;		On entry : 0/0
  1327 ;;		On exit  : 0/0
  1328 ;;		Unchanged: 0/0
  1329 ;; Data sizes:     COMMON   BANK0   BANK1   BANK3   BANK2
  1330 ;;      Params:         0       0       0       0       0
  1331 ;;      Locals:         0       0       0       0       0
  1332 ;;      Temps:          3       0       0       0       0
  1333 ;;      Totals:         3       0       0       0       0
  1334 ;;Total ram usage:        3 bytes
  1335 ;; Hardware stack levels used:    1
  1336 ;; This function calls:
  1337 ;;		Nothing
  1338 ;; This function is called by:
  1339 ;;		Interrupt level 1
  1340 ;; This function uses a non-reentrant model
  1341 ;;
  1342                           
  1343                           
  1344                           ;psect for function _ISR
  1345  0161                     _ISR:
  1346  0161                     i1l843:
  1347                           
  1348                           ;I2C.c: 83:     if (PIR1bits.RCIF == 1) {
  1349  0161  1283               	bcf	3,5	;RP0=0, select bank0
  1350  0162  1303               	bcf	3,6	;RP1=0, select bank0
  1351  0163  1E8C               	btfss	12,5	;volatile
  1352  0164  2966               	goto	u13_21
  1353  0165  2967               	goto	u13_20
  1354  0166                     u13_21:
  1355  0166  296C               	goto	i1l849
  1356  0167                     u13_20:
  1357  0167                     i1l845:
  1358                           
  1359                           ;I2C.c: 84:         PIR1bits.RCIF = 0;
  1360  0167  128C               	bcf	12,5	;volatile
  1361  0168                     i1l847:
  1362                           
  1363                           ;I2C.c: 85:         led = RCREG;
  1364  0168  081A               	movf	26,w	;volatile
  1365  0169  00F0               	movwf	??_ISR
  1366  016A  0870               	movf	??_ISR,w
  1367  016B  00F9               	movwf	_led
  1368  016C                     i1l849:
  1369                           
  1370                           ;I2C.c: 87:     if (led == 0X0A) {
  1371  016C  300A               	movlw	10
  1372  016D  0679               	xorwf	_led,w
  1373  016E  1D03               	btfss	3,2
  1374  016F  2971               	goto	u14_21
  1375  0170  2972               	goto	u14_20
  1376  0171                     u14_21:
  1377  0171  2974               	goto	i1l853
  1378  0172                     u14_20:
  1379  0172                     i1l851:
  1380                           
  1381                           ;I2C.c: 88:         PORTE = 0;
  1382  0172  0189               	clrf	9	;volatile
  1383                           
  1384                           ;I2C.c: 89:     } else if (led == 0X0B) {
  1385  0173  298D               	goto	i1l121
  1386  0174                     i1l853:
  1387  0174  300B               	movlw	11
  1388  0175  0679               	xorwf	_led,w
  1389  0176  1D03               	btfss	3,2
  1390  0177  2979               	goto	u15_21
  1391  0178  297A               	goto	u15_20
  1392  0179                     u15_21:
  1393  0179  297D               	goto	i1l857
  1394  017A                     u15_20:
  1395  017A                     i1l855:
  1396                           
  1397                           ;I2C.c: 90:         PORTE = 1;
  1398  017A  3001               	movlw	1
  1399  017B  0089               	movwf	9	;volatile
  1400                           
  1401                           ;I2C.c: 91:     } else if (led == 0X0C) {
  1402  017C  298D               	goto	i1l121
  1403  017D                     i1l857:
  1404  017D  300C               	movlw	12
  1405  017E  0679               	xorwf	_led,w
  1406  017F  1D03               	btfss	3,2
  1407  0180  2982               	goto	u16_21
  1408  0181  2983               	goto	u16_20
  1409  0182                     u16_21:
  1410  0182  2984               	goto	i1l861
  1411  0183                     u16_20:
  1412  0183  2972               	goto	i1l851
  1413  0184                     i1l861:
  1414  0184  300D               	movlw	13
  1415  0185  0679               	xorwf	_led,w
  1416  0186  1D03               	btfss	3,2
  1417  0187  2989               	goto	u17_21
  1418  0188  298A               	goto	u17_20
  1419  0189                     u17_21:
  1420  0189  298D               	goto	i1l115
  1421  018A                     u17_20:
  1422  018A                     i1l863:
  1423                           
  1424                           ;I2C.c: 94:         PORTE = 2;
  1425  018A  3002               	movlw	2
  1426  018B  0089               	movwf	9	;volatile
  1427  018C  298D               	goto	i1l121
  1428  018D                     i1l115:
  1429  018D                     i1l121:
  1430  018D  0872               	movf	??_ISR+2,w
  1431  018E  008A               	movwf	10
  1432  018F  0E71               	swapf	??_ISR+1,w
  1433  0190  0083               	movwf	3
  1434  0191  0EFE               	swapf	btemp,f
  1435  0192  0E7E               	swapf	btemp,w
  1436  0193  0009               	retfie
  1437  0194                     __end_of_ISR:
  1438  007E                     btemp	set	126	;btemp
  1439  007E                     wtemp0	set	126
  1440                           
  1441                           	psect	intentry
  1442  0004                     __pintentry:	
  1443                           ;incstack = 0
  1444                           ; Regs used in _ISR: [wreg+status,2+status,0]
  1445                           
  1446  0004                     interrupt_function:
  1447  007E                     saved_w	set	btemp
  1448  0004  00FE               	movwf	btemp
  1449  0005  0E03               	swapf	3,w
  1450  0006  00F1               	movwf	??_ISR+1
  1451  0007  080A               	movf	10,w
  1452  0008  00F2               	movwf	??_ISR+2
  1453  0009  120A  118A  2961   	ljmp	_ISR
  1454                           
  1455                           	psect	config
  1456                           
  1457                           ;Config register CONFIG1 @ 0x2007
  1458                           ;	Oscillator Selection bits
  1459                           ;	FOSC = INTRC_NOCLKOUT, INTOSCIO oscillator: I/O function on RA6/OSC2/CLKOUT pin, I/O f
      +                          unction on RA7/OSC1/CLKIN
  1460                           ;	Watchdog Timer Enable bit
  1461                           ;	WDTE = OFF, WDT disabled and can be enabled by SWDTEN bit of the WDTCON register
  1462                           ;	Power-up Timer Enable bit
  1463                           ;	PWRTE = OFF, PWRT disabled
  1464                           ;	RE3/MCLR pin function select bit
  1465                           ;	MCLRE = OFF, RE3/MCLR pin function is digital input, MCLR internally tied to VDD
  1466                           ;	Code Protection bit
  1467                           ;	CP = OFF, Program memory code protection is disabled
  1468                           ;	Data Code Protection bit
  1469                           ;	CPD = OFF, Data memory code protection is disabled
  1470                           ;	Brown Out Reset Selection bits
  1471                           ;	BOREN = OFF, BOR disabled
  1472                           ;	Internal External Switchover bit
  1473                           ;	IESO = OFF, Internal/External Switchover mode is disabled
  1474                           ;	Fail-Safe Clock Monitor Enabled bit
  1475                           ;	FCMEN = OFF, Fail-Safe Clock Monitor is disabled
  1476                           ;	Low Voltage Programming Enable bit
  1477                           ;	LVP = OFF, RB3 pin has digital I/O, HV on MCLR must be used for programming
  1478                           ;	In-Circuit Debugger Mode bit
  1479                           ;	DEBUG = 0x1, unprogrammed default
  1480  2007                     	org	8199
  1481  2007  20D4               	dw	8404
  1482                           
  1483                           ;Config register CONFIG2 @ 0x2008
  1484                           ;	Brown-out Reset Selection bit
  1485                           ;	BOR4V = BOR40V, Brown-out Reset set to 4.0V
  1486                           ;	Flash Program Memory Self Write Enable bits
  1487                           ;	WRT = OFF, Write protection off
  1488  2008                     	org	8200
  1489  2008  3FFF               	dw	16383

Data Sizes:
    Strings     0
    Constant    0
    Data        1
    BSS         2
    Persistent  0
    Stack       0

Auto Spaces:
    Space          Size  Autos    Used
    COMMON           14      9      11
    BANK0            80     19      20
    BANK1            80      0       0
    BANK3            96      0       0
    BANK2            96      0       0

Pointer List with Targets:

    None.

Critical Paths under _main in COMMON

    _main->_I2C_Master_Read
    _I2C_Master_Init->___lldiv

Critical Paths under _ISR in COMMON

    None.

Critical Paths under _main in BANK0

    _setup->_I2C_Master_Init
    _I2C_Master_Init->___lldiv

Critical Paths under _ISR in BANK0

    None.

Critical Paths under _main in BANK1

    None.

Critical Paths under _ISR in BANK1

    None.

Critical Paths under _main in BANK3

    None.

Critical Paths under _ISR in BANK3

    None.

Critical Paths under _main in BANK2

    None.

Critical Paths under _ISR in BANK2

    None.

Call Graph Tables:

 ---------------------------------------------------------------------------------
 (Depth) Function   	        Calls       Base Space   Used Autos Params    Refs
 ---------------------------------------------------------------------------------
 (0) _main                                                 3     3      0     913
                                             16 BANK0      3     3      0
                    _I2C_Master_Read
                   _I2C_Master_Start
                    _I2C_Master_Stop
                   _I2C_Master_Write
                              _setup
 ---------------------------------------------------------------------------------
 (1) _setup                                                0     0      0     542
                    _I2C_Master_Init
 ---------------------------------------------------------------------------------
 (2) _I2C_Master_Init                                      8     4      4     542
                                              8 BANK0      8     4      4
                            ___lldiv
 ---------------------------------------------------------------------------------
 (3) ___lldiv                                             14     6      8     421
                                              3 COMMON     6     6      0
                                              0 BANK0      8     0      8
 ---------------------------------------------------------------------------------
 (1) _I2C_Master_Write                                     2     0      2     250
                                              3 COMMON     2     0      2
                    _I2C_Master_Wait
 ---------------------------------------------------------------------------------
 (1) _I2C_Master_Stop                                      0     0      0       0
                    _I2C_Master_Wait
 ---------------------------------------------------------------------------------
 (1) _I2C_Master_Start                                     0     0      0       0
                    _I2C_Master_Wait
 ---------------------------------------------------------------------------------
 (1) _I2C_Master_Read                                      6     4      2     121
                                              3 COMMON     6     4      2
                    _I2C_Master_Wait
 ---------------------------------------------------------------------------------
 (2) _I2C_Master_Wait                                      0     0      0       0
 ---------------------------------------------------------------------------------
 Estimated maximum stack depth 3
 ---------------------------------------------------------------------------------
 (Depth) Function   	        Calls       Base Space   Used Autos Params    Refs
 ---------------------------------------------------------------------------------
 (4) _ISR                                                  3     3      0       0
                                              0 COMMON     3     3      0
 ---------------------------------------------------------------------------------
 Estimated maximum stack depth 4
 ---------------------------------------------------------------------------------

 Call Graph Graphs:

 _main (ROOT)
   _I2C_Master_Read
     _I2C_Master_Wait
   _I2C_Master_Start
     _I2C_Master_Wait
   _I2C_Master_Stop
     _I2C_Master_Wait
   _I2C_Master_Write
     _I2C_Master_Wait
   _setup
     _I2C_Master_Init
       ___lldiv

 _ISR (ROOT)

 Address spaces:
Name               Size   Autos  Total    Cost      Usage
BANK3               60      0       0       9        0.0%
BITBANK3            60      0       0       8        0.0%
SFR3                 0      0       0       4        0.0%
BITSFR3              0      0       0       4        0.0%
BANK2               60      0       0      11        0.0%
BITBANK2            60      0       0      10        0.0%
SFR2                 0      0       0       5        0.0%
BITSFR2              0      0       0       5        0.0%
BANK1               50      0       0       7        0.0%
BITBANK1            50      0       0       6        0.0%
SFR1                 0      0       0       2        0.0%
BITSFR1              0      0       0       2        0.0%
BANK0               50     13      14       5       25.0%
BITBANK0            50      0       0       4        0.0%
SFR0                 0      0       0       1        0.0%
BITSFR0              0      0       0       1        0.0%
COMMON               E      9       B       1       78.6%
BITCOMMON            E      0       0       0        0.0%
CODE                 0      0       0       0        0.0%
DATA                 0      0      1F      12        0.0%
ABS                  0      0      1F       3        0.0%
NULL                 0      0       0       0        0.0%
STACK                0      0       0       2        0.0%
EEDATA             100      0       0       0        0.0%


Microchip Technology PIC Macro Assembler V2.31 build 20201012212115 
Symbol Table                                                                                   Wed Mar 10 23:30:31 2021

                       l81 01CD                         l90 01E0                         l75 0160  
                       l84 01E9                         l93 01D7                         l78 01C1  
                       l96 01C0                        l108 0126                        l251 00EA  
                      l921 01C7                        l923 01E1                        l931 01CE  
                      l941 01AA                        l925 01E6                        l933 01D3  
                      l919 01C1                        l943 01AF                        l935 0194  
                      l927 01D8                        l945 01BB                        l937 0199  
                      l929 01DD                        l947 01BC                        l939 01A1  
                      _GIE 005F                        u300 0095                        u301 0094  
                      u320 00A9                        u321 00A8                        u315 009A  
                      u260 01C7                        u340 00C4                        u261 01C6  
                      u341 00C3                        u270 01CD                        u271 01CC  
                      u335 00AB                        u280 01B8                        u360 00E2  
                      _PEN 048A                        u281 01B4                        u361 00E1  
                      u345 00C0                        u370 013E                        u355 00D4  
                      _ISR 0161                        u294 01BB                        u375 0139  
                      u387 0048                        _SEN 0488                        u397 0078  
                      _led 0079                       ?_ISR 0070                       l1011 0098  
                     l1021 00D2                       l1013 00A5                       l1023 00D3  
                     l1015 00A9                       l1007 0083                       l1031 0127  
                     l1025 00DC                       l1017 00B2                       l1009 0095  
                     l1041 015F                       l1033 012B                       l1019 00C4  
                     l1027 00E2                       l1035 012E                       l1051 0108  
                     l1043 00EB                       l1037 015D                       l1061 0114  
                     l1053 010B                       l1045 00F4                       l1039 015E  
                     l1071 0121                       l1063 0117                       l1055 010E  
                     l1047 00F5                       l1073 0122                       l1065 011A  
                     l1057 0112                       l1049 00FB                       l1081 0020  
                     l1075 0125                       l1067 011D                       l1059 0113  
                     l1091 0040                       l1083 0024                       l1069 011E  
                     l1093 0070                       l1085 0029                       l1087 0032  
                     l1079 001B                       l1089 003B                       _PEIE 005E  
                     _RCEN 048B                       _RSEN 0489                       _main 001B  
                     btemp 007E                       start 000C                      ??_ISR 0070  
         ?_I2C_Master_Init 0028           ?_I2C_Master_Read 0073           ?_I2C_Master_Wait 0070  
         ?_I2C_Master_Stop 0070                      ?_main 0070                      _ACKEN 048C  
                    _ACKDT 048D                      _ANSEL 0188            __end_of___lldiv 00EB  
                    i1l121 018D                      i1l115 018D                      i1l851 0172  
                    i1l843 0161                      i1l861 0184                      i1l853 0174  
                    i1l845 0167                      i1l863 018A                      i1l855 017A  
                    i1l847 0168                      i1l857 017D                      i1l849 016C  
                    _RCREG 001A                      u13_20 0167                      u13_21 0166  
                    u14_20 0172                      u14_21 0171                      u15_20 017A  
                    u15_21 0179                      u16_20 0183                      u16_21 0182  
                    u17_20 018A                      u17_21 0189                      _SPBRG 0099  
                    _PORTE 0009                      _TRISA 0085                      _TRISB 0086  
                    _TRISC 0087                      _TRISD 0088                      _SSPIE 0463  
                    _TRISE 0089                      _SSPIF 0063                      _TXREG 0019  
                    _setup 00EB                      pclath 000A                      status 0003  
                    wtemp0 007E            __initialization 000F               __end_of_main 0083  
                   ??_main 0030          ?_I2C_Master_Start 0070          ?_I2C_Master_Write 0073  
       ??_I2C_Master_Start 0073         ??_I2C_Master_Write 0075                     ?_setup 0070  
                   _ANSELH 0189                     _SSPADD 0093                     _TRISC3 043B  
                   _TRISC4 043C                     _SSPCON 0014                     _SSPBUF 0013  
                ??___lldiv 0073               __pdataCOMMON 007A                     saved_w 007E  
  __end_of__initialization 0017             __pcstackCOMMON 0070              __end_of_setup 0127  
                  ??_setup 0079                 __pbssBANK0 0033                 __pmaintext 001B  
               __pintentry 0004                    _SSPCON2 0091                    _SSPSTAT 0094  
                  ___lldiv 0083                    __ptext1 00EB                    __ptext2 0127  
                  __ptext3 0083                    __ptext4 01CE                    __ptext5 01D8  
                  __ptext6 01E1                    __ptext7 0194                    __ptext8 01C1  
                  __ptext9 0161               __size_of_ISR 0033   __size_of_I2C_Master_Init 003A  
 __size_of_I2C_Master_Read 002D   __size_of_I2C_Master_Wait 000D   __size_of_I2C_Master_Stop 0009  
     end_of_initialization 0017  __size_of_I2C_Master_Start 0009  __size_of_I2C_Master_Write 000A  
          ___lldiv@divisor 0020            ___lldiv@counter 0078                  _RCSTAbits 0018  
         I2C_Master_Init@c 0028           I2C_Master_Read@a 0073                 _sensor_dir 007A  
                _TRISCbits 0087                  _TXSTAbits 0098              __pidataCOMMON 01EA  
              _BAUDCTLbits 0187        start_initialization 000F                __end_of_ISR 0194  
        ??_I2C_Master_Init 002C          ??_I2C_Master_Read 0075          ??_I2C_Master_Wait 0073  
        ??_I2C_Master_Stop 0073                __pbssCOMMON 0079                  ___latbits 0002  
            __pcstackBANK0 0020           _I2C_Master_Start 01E1           _I2C_Master_Write 01CE  
                 ?___lldiv 0020             __size_of_setup 003C          interrupt_function 0004  
                 _PIE1bits 008C                   _PIR1bits 000C                   _TEMP_LSB 0033  
      I2C_Master_Read@temp 0077           __size_of___lldiv 0068            _I2C_Master_Init 0127  
          _I2C_Master_Read 0194            _I2C_Master_Wait 01C1            _I2C_Master_Stop 01D8  
            __size_of_main 0068   __end_of_I2C_Master_Start 01EA   __end_of_I2C_Master_Write 01D8  
               _INTCONbits 000B                   intlevel1 0000           ___lldiv@dividend 0024  
  __end_of_I2C_Master_Init 0161    __end_of_I2C_Master_Read 01C1    __end_of_I2C_Master_Wait 01CE  
  __end_of_I2C_Master_Stop 01E1           ___lldiv@quotient 0074          I2C_Master_Write@d 0073  
